[debug] [2024-06-30T02:20:06.006Z] ----------------------------------------------------------------------
[debug] [2024-06-30T02:20:06.014Z] Command:       /home/hjcasayas/.nvm/versions/node/v20.15.0/bin/node /home/hjcasayas/challenges/university-of-south-florida/node_modules/.bin/firebase init
[debug] [2024-06-30T02:20:06.014Z] CLI Version:   13.12.0
[debug] [2024-06-30T02:20:06.015Z] Platform:      linux
[debug] [2024-06-30T02:20:06.015Z] Node Version:  v20.15.0
[debug] [2024-06-30T02:20:06.015Z] Time:          Sun Jun 30 2024 02:20:06 GMT+0000 (Coordinated Universal Time)
[debug] [2024-06-30T02:20:06.025Z] ----------------------------------------------------------------------
[debug] 
[debug] [2024-06-30T02:20:06.044Z] > command requires scopes: ["email","openid","https://www.googleapis.com/auth/cloudplatformprojects.readonly","https://www.googleapis.com/auth/firebase","https://www.googleapis.com/auth/cloud-platform"]
[debug] [2024-06-30T02:20:06.045Z] > authorizing via signed-in user (henlyjade.casayas@gmail.com)
[info] 
     ######## #### ########  ######## ########     ###     ######  ########
     ##        ##  ##     ## ##       ##     ##  ##   ##  ##       ##
     ######    ##  ########  ######   ########  #########  ######  ######
     ##        ##  ##    ##  ##       ##     ## ##     ##       ## ##
     ##       #### ##     ## ######## ########  ##     ##  ######  ########

You're about to initialize a Firebase project in this directory:

  /home/hjcasayas/challenges/university-of-south-florida

[info] 
=== Project Setup
[info] 
[info] First, let's associate this project directory with a Firebase project.
[info] You can create multiple project aliases by running firebase use --add, 
[info] but for now we'll just set up a default project.
[info] 
[debug] [2024-06-30T02:20:43.849Z] >>> [apiv2][query] GET https://firebase.googleapis.com/v1beta1/projects pageSize=100
[debug] [2024-06-30T02:20:44.538Z] <<< [apiv2][status] GET https://firebase.googleapis.com/v1beta1/projects 200
[debug] [2024-06-30T02:20:44.539Z] <<< [apiv2][body] GET https://firebase.googleapis.com/v1beta1/projects [omitted]
[info] i  Using project uosf-3c1a9 (uosf) 
[info] 
=== Hosting Setup
[debug] [2024-06-30T02:20:46.862Z] >>> [apiv2][query] GET https://firebase.googleapis.com/v1beta1/projects/uosf-3c1a9 [none]
[debug] [2024-06-30T02:20:47.139Z] <<< [apiv2][status] GET https://firebase.googleapis.com/v1beta1/projects/uosf-3c1a9 200
[debug] [2024-06-30T02:20:47.139Z] <<< [apiv2][body] GET https://firebase.googleapis.com/v1beta1/projects/uosf-3c1a9 {"projectId":"uosf-3c1a9","projectNumber":"730062643284","displayName":"uosf","name":"projects/uosf-3c1a9","resources":{"hostingSite":"uosf-3c1a9"},"state":"ACTIVE","etag":"1_c8c02dfe-206c-4d51-880a-4ba198c7c423"}
[info] 
[info] Your public directory is the folder (relative to your project directory) that
[info] will contain Hosting assets to be uploaded with firebase deploy. If you
[info] have a build process for your assets, use your build's output directory.
[info] 
[info] ✔  Wrote public/404.html 
[debug] [2024-06-30T02:21:18.671Z] >>> [apiv2][query] GET https://www.gstatic.com/firebasejs/releases.json [none]
[debug] [2024-06-30T02:21:18.915Z] <<< [apiv2][status] GET https://www.gstatic.com/firebasejs/releases.json 200
[debug] [2024-06-30T02:21:18.915Z] <<< [apiv2][body] GET https://www.gstatic.com/firebasejs/releases.json {"current":{"version":"10.12.2","browserURL":"https://www.gstatic.com/firebasejs/10.12.2/firebase.js","packageURL":"https://www.gstatic.com/firebasejs/10.12.2/firebase.tgz"},"live":{"version":"10.12","browserURL":"https://www.gstatic.com/firebasejs/live/10.12/firebase.js","packageURL":"https://www.gstatic.com/firebasejs/live/10.12/firebase.tgz"},"components":{"analytics":"https://www.gstatic.com/firebasejs/10.12.2/firebase-analytics.js","app":"https://www.gstatic.com/firebasejs/10.12.2/firebase-app.js","app-check":"https://www.gstatic.com/firebasejs/10.12.2/firebase-app-check.js","auth":"https://www.gstatic.com/firebasejs/10.12.2/firebase-auth.js","auth/cordova":"https://www.gstatic.com/firebasejs/10.12.2/firebase-auth/cordova.js","auth/web-extension":"https://www.gstatic.com/firebasejs/10.12.2/firebase-auth/web-extension.js","functions":"https://www.gstatic.com/firebasejs/10.12.2/firebase-functions.js","firestore":"https://www.gstatic.com/firebasejs/10.12.2/firebase-firestore.js","firestore/lite":"https://www.gstatic.com/firebasejs/10.12.2/firebase-firestore/lite.js","installations":"https://www.gstatic.com/firebasejs/10.12.2/firebase-installations.js","storage":"https://www.gstatic.com/firebasejs/10.12.2/firebase-storage.js","performance":"https://www.gstatic.com/firebasejs/10.12.2/firebase-performance.js","remote-config":"https://www.gstatic.com/firebasejs/10.12.2/firebase-remote-config.js","messaging":"https://www.gstatic.com/firebasejs/10.12.2/firebase-messaging.js","messaging/sw":"https://www.gstatic.com/firebasejs/10.12.2/firebase-messaging/sw.js","database":"https://www.gstatic.com/firebasejs/10.12.2/firebase-database.js","vertexai-preview":"https://www.gstatic.com/firebasejs/10.12.2/firebase-vertexai-preview.js","firestore.memory":"https://www.gstatic.com/firebasejs/10.12.2/firebase-firestore.memory.js"}}
[info] ✔  Wrote public/index.html 
[info] 
[info] i  Detected a .git folder at /home/hjcasayas/challenges/university-of-south-florida 
[info] i  Authorizing with GitHub to upload your service account to a GitHub repository's secrets store. 
[info] 
[info] Visit this URL on this device to log in:
[info] https://github.com/login/oauth/authorize?client_id=89cf50f02ac6aaed3484&state=164059854&redirect_uri=http%3A%2F%2Flocalhost%3A9005&scope=read%3Auser%20repo%20public_repo
[info] 
[info] Waiting for authentication...
